The system is: Linux - 5.3.0-42-generic - x86_64
Compiling the C compiler identification source file "CMakeCCompilerId.c" succeeded.
Compiler: /usr/bin/clang-6.0 
Build flags: -msse3;-mfpmath=sse;-O2;-g
Id flags:  

The output was:
0


Compilation of the C compiler identification source "CMakeCCompilerId.c" produced "a.out"

The C compiler identification is Clang, found in "/home/chetan/Documents/Unikernel-Serverless/Kernels/echo_server/build/CMakeFiles/3.10.2/CompilerIdC/a.out"

Compiling the CXX compiler identification source file "CMakeCXXCompilerId.cpp" succeeded.
Compiler: /usr/bin/clang++-6.0 
Build flags: -msse3;-mfpmath=sse;-O2;-g
Id flags:  

The output was:
0


Compilation of the CXX compiler identification source "CMakeCXXCompilerId.cpp" produced "a.out"

The CXX compiler identification is Clang, found in "/home/chetan/Documents/Unikernel-Serverless/Kernels/echo_server/build/CMakeFiles/3.10.2/CompilerIdCXX/a.out"

Determining if the C compiler works passed with the following output:
Change Dir: /home/chetan/Documents/Unikernel-Serverless/Kernels/echo_server/build/CMakeFiles/CMakeTmp

Run Build Command:"/usr/bin/make" "cmTC_35c5b/fast"
/usr/bin/make -f CMakeFiles/cmTC_35c5b.dir/build.make CMakeFiles/cmTC_35c5b.dir/build
make[1]: Entering directory '/home/chetan/Documents/Unikernel-Serverless/Kernels/echo_server/build/CMakeFiles/CMakeTmp'
Building C object CMakeFiles/cmTC_35c5b.dir/testCCompiler.c.o
/usr/bin/clang-6.0   -msse3 -mfpmath=sse -O2 -g    -o CMakeFiles/cmTC_35c5b.dir/testCCompiler.c.o   -c /home/chetan/Documents/Unikernel-Serverless/Kernels/echo_server/build/CMakeFiles/CMakeTmp/testCCompiler.c
Linking C static library libcmTC_35c5b.a
/usr/bin/cmake -P CMakeFiles/cmTC_35c5b.dir/cmake_clean_target.cmake
/usr/bin/cmake -E cmake_link_script CMakeFiles/cmTC_35c5b.dir/link.txt --verbose=1
/usr/bin/ar qc libcmTC_35c5b.a  CMakeFiles/cmTC_35c5b.dir/testCCompiler.c.o
/usr/bin/ranlib libcmTC_35c5b.a
make[1]: Leaving directory '/home/chetan/Documents/Unikernel-Serverless/Kernels/echo_server/build/CMakeFiles/CMakeTmp'


Detecting C compiler ABI info compiled with the following output:
Change Dir: /home/chetan/Documents/Unikernel-Serverless/Kernels/echo_server/build/CMakeFiles/CMakeTmp

Run Build Command:"/usr/bin/make" "cmTC_3ea54/fast"
/usr/bin/make -f CMakeFiles/cmTC_3ea54.dir/build.make CMakeFiles/cmTC_3ea54.dir/build
make[1]: Entering directory '/home/chetan/Documents/Unikernel-Serverless/Kernels/echo_server/build/CMakeFiles/CMakeTmp'
Building C object CMakeFiles/cmTC_3ea54.dir/CMakeCCompilerABI.c.o
/usr/bin/clang-6.0   -msse3 -mfpmath=sse -O2 -g    -o CMakeFiles/cmTC_3ea54.dir/CMakeCCompilerABI.c.o   -c /usr/share/cmake-3.10/Modules/CMakeCCompilerABI.c
Linking C static library libcmTC_3ea54.a
/usr/bin/cmake -P CMakeFiles/cmTC_3ea54.dir/cmake_clean_target.cmake
/usr/bin/cmake -E cmake_link_script CMakeFiles/cmTC_3ea54.dir/link.txt --verbose=1
/usr/bin/ar qc libcmTC_3ea54.a  CMakeFiles/cmTC_3ea54.dir/CMakeCCompilerABI.c.o
/usr/bin/ranlib libcmTC_3ea54.a
make[1]: Leaving directory '/home/chetan/Documents/Unikernel-Serverless/Kernels/echo_server/build/CMakeFiles/CMakeTmp'


Parsed C implicit link information from above output:
  link line regex: [^( *|.*[/\])(ld|CMAKE_LINK_STARTFILE-NOTFOUND|([^/\]+-)?ld|collect2)[^/\]*( |$)]
  ignore line: [Change Dir: /home/chetan/Documents/Unikernel-Serverless/Kernels/echo_server/build/CMakeFiles/CMakeTmp]
  ignore line: []
  ignore line: [Run Build Command:"/usr/bin/make" "cmTC_3ea54/fast"]
  ignore line: [/usr/bin/make -f CMakeFiles/cmTC_3ea54.dir/build.make CMakeFiles/cmTC_3ea54.dir/build]
  ignore line: [make[1]: Entering directory '/home/chetan/Documents/Unikernel-Serverless/Kernels/echo_server/build/CMakeFiles/CMakeTmp']
  ignore line: [Building C object CMakeFiles/cmTC_3ea54.dir/CMakeCCompilerABI.c.o]
  ignore line: [/usr/bin/clang-6.0   -msse3 -mfpmath=sse -O2 -g    -o CMakeFiles/cmTC_3ea54.dir/CMakeCCompilerABI.c.o   -c /usr/share/cmake-3.10/Modules/CMakeCCompilerABI.c]
  ignore line: [Linking C static library libcmTC_3ea54.a]
  ignore line: [/usr/bin/cmake -P CMakeFiles/cmTC_3ea54.dir/cmake_clean_target.cmake]
  ignore line: [/usr/bin/cmake -E cmake_link_script CMakeFiles/cmTC_3ea54.dir/link.txt --verbose=1]
  ignore line: [/usr/bin/ar qc libcmTC_3ea54.a  CMakeFiles/cmTC_3ea54.dir/CMakeCCompilerABI.c.o]
  ignore line: [/usr/bin/ranlib libcmTC_3ea54.a]
  ignore line: [make[1]: Leaving directory '/home/chetan/Documents/Unikernel-Serverless/Kernels/echo_server/build/CMakeFiles/CMakeTmp']
  ignore line: []
  implicit libs: []
  implicit dirs: []
  implicit fwks: []




Detecting C [-std=c11] compiler features compiled with the following output:
Change Dir: /home/chetan/Documents/Unikernel-Serverless/Kernels/echo_server/build/CMakeFiles/CMakeTmp

Run Build Command:"/usr/bin/make" "cmTC_813c7/fast"
/usr/bin/make -f CMakeFiles/cmTC_813c7.dir/build.make CMakeFiles/cmTC_813c7.dir/build
make[1]: Entering directory '/home/chetan/Documents/Unikernel-Serverless/Kernels/echo_server/build/CMakeFiles/CMakeTmp'
Building C object CMakeFiles/cmTC_813c7.dir/feature_tests.c.o
/usr/bin/clang-6.0   -msse3 -mfpmath=sse -O2 -g    -std=c11 -o CMakeFiles/cmTC_813c7.dir/feature_tests.c.o   -c /home/chetan/Documents/Unikernel-Serverless/Kernels/echo_server/build/CMakeFiles/feature_tests.c
Linking C static library libcmTC_813c7.a
/usr/bin/cmake -P CMakeFiles/cmTC_813c7.dir/cmake_clean_target.cmake
/usr/bin/cmake -E cmake_link_script CMakeFiles/cmTC_813c7.dir/link.txt --verbose=1
/usr/bin/ar qc libcmTC_813c7.a  CMakeFiles/cmTC_813c7.dir/feature_tests.c.o
/usr/bin/ranlib libcmTC_813c7.a
make[1]: Leaving directory '/home/chetan/Documents/Unikernel-Serverless/Kernels/echo_server/build/CMakeFiles/CMakeTmp'


    Feature record: C_FEATURE:1c_function_prototypes
    Feature record: C_FEATURE:1c_restrict
    Feature record: C_FEATURE:1c_static_assert
    Feature record: C_FEATURE:1c_variadic_macros


Detecting C [-std=c99] compiler features compiled with the following output:
Change Dir: /home/chetan/Documents/Unikernel-Serverless/Kernels/echo_server/build/CMakeFiles/CMakeTmp

Run Build Command:"/usr/bin/make" "cmTC_5fe77/fast"
/usr/bin/make -f CMakeFiles/cmTC_5fe77.dir/build.make CMakeFiles/cmTC_5fe77.dir/build
make[1]: Entering directory '/home/chetan/Documents/Unikernel-Serverless/Kernels/echo_server/build/CMakeFiles/CMakeTmp'
Building C object CMakeFiles/cmTC_5fe77.dir/feature_tests.c.o
/usr/bin/clang-6.0   -msse3 -mfpmath=sse -O2 -g    -std=c99 -o CMakeFiles/cmTC_5fe77.dir/feature_tests.c.o   -c /home/chetan/Documents/Unikernel-Serverless/Kernels/echo_server/build/CMakeFiles/feature_tests.c
Linking C static library libcmTC_5fe77.a
/usr/bin/cmake -P CMakeFiles/cmTC_5fe77.dir/cmake_clean_target.cmake
/usr/bin/cmake -E cmake_link_script CMakeFiles/cmTC_5fe77.dir/link.txt --verbose=1
/usr/bin/ar qc libcmTC_5fe77.a  CMakeFiles/cmTC_5fe77.dir/feature_tests.c.o
/usr/bin/ranlib libcmTC_5fe77.a
make[1]: Leaving directory '/home/chetan/Documents/Unikernel-Serverless/Kernels/echo_server/build/CMakeFiles/CMakeTmp'


    Feature record: C_FEATURE:1c_function_prototypes
    Feature record: C_FEATURE:1c_restrict
    Feature record: C_FEATURE:0c_static_assert
    Feature record: C_FEATURE:1c_variadic_macros


Detecting C [-std=c90] compiler features compiled with the following output:
Change Dir: /home/chetan/Documents/Unikernel-Serverless/Kernels/echo_server/build/CMakeFiles/CMakeTmp

Run Build Command:"/usr/bin/make" "cmTC_4aabc/fast"
/usr/bin/make -f CMakeFiles/cmTC_4aabc.dir/build.make CMakeFiles/cmTC_4aabc.dir/build
make[1]: Entering directory '/home/chetan/Documents/Unikernel-Serverless/Kernels/echo_server/build/CMakeFiles/CMakeTmp'
Building C object CMakeFiles/cmTC_4aabc.dir/feature_tests.c.o
/usr/bin/clang-6.0   -msse3 -mfpmath=sse -O2 -g    -std=c90 -o CMakeFiles/cmTC_4aabc.dir/feature_tests.c.o   -c /home/chetan/Documents/Unikernel-Serverless/Kernels/echo_server/build/CMakeFiles/feature_tests.c
Linking C static library libcmTC_4aabc.a
/usr/bin/cmake -P CMakeFiles/cmTC_4aabc.dir/cmake_clean_target.cmake
/usr/bin/cmake -E cmake_link_script CMakeFiles/cmTC_4aabc.dir/link.txt --verbose=1
/usr/bin/ar qc libcmTC_4aabc.a  CMakeFiles/cmTC_4aabc.dir/feature_tests.c.o
/usr/bin/ranlib libcmTC_4aabc.a
make[1]: Leaving directory '/home/chetan/Documents/Unikernel-Serverless/Kernels/echo_server/build/CMakeFiles/CMakeTmp'


    Feature record: C_FEATURE:1c_function_prototypes
    Feature record: C_FEATURE:0c_restrict
    Feature record: C_FEATURE:0c_static_assert
    Feature record: C_FEATURE:0c_variadic_macros
Determining if the CXX compiler works passed with the following output:
Change Dir: /home/chetan/Documents/Unikernel-Serverless/Kernels/echo_server/build/CMakeFiles/CMakeTmp

Run Build Command:"/usr/bin/make" "cmTC_14f4d/fast"
/usr/bin/make -f CMakeFiles/cmTC_14f4d.dir/build.make CMakeFiles/cmTC_14f4d.dir/build
make[1]: Entering directory '/home/chetan/Documents/Unikernel-Serverless/Kernels/echo_server/build/CMakeFiles/CMakeTmp'
Building CXX object CMakeFiles/cmTC_14f4d.dir/testCXXCompiler.cxx.o
/usr/bin/clang++-6.0    -msse3 -mfpmath=sse -O2 -g    -o CMakeFiles/cmTC_14f4d.dir/testCXXCompiler.cxx.o -c /home/chetan/Documents/Unikernel-Serverless/Kernels/echo_server/build/CMakeFiles/CMakeTmp/testCXXCompiler.cxx
Linking CXX static library libcmTC_14f4d.a
/usr/bin/cmake -P CMakeFiles/cmTC_14f4d.dir/cmake_clean_target.cmake
/usr/bin/cmake -E cmake_link_script CMakeFiles/cmTC_14f4d.dir/link.txt --verbose=1
/usr/bin/ar qc libcmTC_14f4d.a  CMakeFiles/cmTC_14f4d.dir/testCXXCompiler.cxx.o
/usr/bin/ranlib libcmTC_14f4d.a
make[1]: Leaving directory '/home/chetan/Documents/Unikernel-Serverless/Kernels/echo_server/build/CMakeFiles/CMakeTmp'


Detecting CXX compiler ABI info compiled with the following output:
Change Dir: /home/chetan/Documents/Unikernel-Serverless/Kernels/echo_server/build/CMakeFiles/CMakeTmp

Run Build Command:"/usr/bin/make" "cmTC_c28d2/fast"
/usr/bin/make -f CMakeFiles/cmTC_c28d2.dir/build.make CMakeFiles/cmTC_c28d2.dir/build
make[1]: Entering directory '/home/chetan/Documents/Unikernel-Serverless/Kernels/echo_server/build/CMakeFiles/CMakeTmp'
Building CXX object CMakeFiles/cmTC_c28d2.dir/CMakeCXXCompilerABI.cpp.o
/usr/bin/clang++-6.0    -msse3 -mfpmath=sse -O2 -g    -o CMakeFiles/cmTC_c28d2.dir/CMakeCXXCompilerABI.cpp.o -c /usr/share/cmake-3.10/Modules/CMakeCXXCompilerABI.cpp
Linking CXX static library libcmTC_c28d2.a
/usr/bin/cmake -P CMakeFiles/cmTC_c28d2.dir/cmake_clean_target.cmake
/usr/bin/cmake -E cmake_link_script CMakeFiles/cmTC_c28d2.dir/link.txt --verbose=1
/usr/bin/ar qc libcmTC_c28d2.a  CMakeFiles/cmTC_c28d2.dir/CMakeCXXCompilerABI.cpp.o
/usr/bin/ranlib libcmTC_c28d2.a
make[1]: Leaving directory '/home/chetan/Documents/Unikernel-Serverless/Kernels/echo_server/build/CMakeFiles/CMakeTmp'


Parsed CXX implicit link information from above output:
  link line regex: [^( *|.*[/\])(ld|CMAKE_LINK_STARTFILE-NOTFOUND|([^/\]+-)?ld|collect2)[^/\]*( |$)]
  ignore line: [Change Dir: /home/chetan/Documents/Unikernel-Serverless/Kernels/echo_server/build/CMakeFiles/CMakeTmp]
  ignore line: []
  ignore line: [Run Build Command:"/usr/bin/make" "cmTC_c28d2/fast"]
  ignore line: [/usr/bin/make -f CMakeFiles/cmTC_c28d2.dir/build.make CMakeFiles/cmTC_c28d2.dir/build]
  ignore line: [make[1]: Entering directory '/home/chetan/Documents/Unikernel-Serverless/Kernels/echo_server/build/CMakeFiles/CMakeTmp']
  ignore line: [Building CXX object CMakeFiles/cmTC_c28d2.dir/CMakeCXXCompilerABI.cpp.o]
  ignore line: [/usr/bin/clang++-6.0    -msse3 -mfpmath=sse -O2 -g    -o CMakeFiles/cmTC_c28d2.dir/CMakeCXXCompilerABI.cpp.o -c /usr/share/cmake-3.10/Modules/CMakeCXXCompilerABI.cpp]
  ignore line: [Linking CXX static library libcmTC_c28d2.a]
  ignore line: [/usr/bin/cmake -P CMakeFiles/cmTC_c28d2.dir/cmake_clean_target.cmake]
  ignore line: [/usr/bin/cmake -E cmake_link_script CMakeFiles/cmTC_c28d2.dir/link.txt --verbose=1]
  ignore line: [/usr/bin/ar qc libcmTC_c28d2.a  CMakeFiles/cmTC_c28d2.dir/CMakeCXXCompilerABI.cpp.o]
  ignore line: [/usr/bin/ranlib libcmTC_c28d2.a]
  ignore line: [make[1]: Leaving directory '/home/chetan/Documents/Unikernel-Serverless/Kernels/echo_server/build/CMakeFiles/CMakeTmp']
  ignore line: []
  implicit libs: []
  implicit dirs: []
  implicit fwks: []




Detecting CXX [-std=c++1z] compiler features compiled with the following output:
Change Dir: /home/chetan/Documents/Unikernel-Serverless/Kernels/echo_server/build/CMakeFiles/CMakeTmp

Run Build Command:"/usr/bin/make" "cmTC_110df/fast"
/usr/bin/make -f CMakeFiles/cmTC_110df.dir/build.make CMakeFiles/cmTC_110df.dir/build
make[1]: Entering directory '/home/chetan/Documents/Unikernel-Serverless/Kernels/echo_server/build/CMakeFiles/CMakeTmp'
Building CXX object CMakeFiles/cmTC_110df.dir/feature_tests.cxx.o
/usr/bin/clang++-6.0    -msse3 -mfpmath=sse -O2 -g    -std=c++1z -o CMakeFiles/cmTC_110df.dir/feature_tests.cxx.o -c /home/chetan/Documents/Unikernel-Serverless/Kernels/echo_server/build/CMakeFiles/feature_tests.cxx
Linking CXX static library libcmTC_110df.a
/usr/bin/cmake -P CMakeFiles/cmTC_110df.dir/cmake_clean_target.cmake
/usr/bin/cmake -E cmake_link_script CMakeFiles/cmTC_110df.dir/link.txt --verbose=1
/usr/bin/ar qc libcmTC_110df.a  CMakeFiles/cmTC_110df.dir/feature_tests.cxx.o
/usr/bin/ranlib libcmTC_110df.a
make[1]: Leaving directory '/home/chetan/Documents/Unikernel-Serverless/Kernels/echo_server/build/CMakeFiles/CMakeTmp'


    Feature record: CXX_FEATURE:1cxx_aggregate_default_initializers
    Feature record: CXX_FEATURE:1cxx_alias_templates
    Feature record: CXX_FEATURE:1cxx_alignas
    Feature record: CXX_FEATURE:1cxx_alignof
    Feature record: CXX_FEATURE:1cxx_attributes
    Feature record: CXX_FEATURE:1cxx_attribute_deprecated
    Feature record: CXX_FEATURE:1cxx_auto_type
    Feature record: CXX_FEATURE:1cxx_binary_literals
    Feature record: CXX_FEATURE:1cxx_constexpr
    Feature record: CXX_FEATURE:1cxx_contextual_conversions
    Feature record: CXX_FEATURE:1cxx_decltype
    Feature record: CXX_FEATURE:1cxx_decltype_auto
    Feature record: CXX_FEATURE:1cxx_decltype_incomplete_return_types
    Feature record: CXX_FEATURE:1cxx_default_function_template_args
    Feature record: CXX_FEATURE:1cxx_defaulted_functions
    Feature record: CXX_FEATURE:1cxx_defaulted_move_initializers
    Feature record: CXX_FEATURE:1cxx_delegating_constructors
    Feature record: CXX_FEATURE:1cxx_deleted_functions
    Feature record: CXX_FEATURE:1cxx_digit_separators
    Feature record: CXX_FEATURE:1cxx_enum_forward_declarations
    Feature record: CXX_FEATURE:1cxx_explicit_conversions
    Feature record: CXX_FEATURE:1cxx_extended_friend_declarations
    Feature record: CXX_FEATURE:1cxx_extern_templates
    Feature record: CXX_FEATURE:1cxx_final
    Feature record: CXX_FEATURE:1cxx_func_identifier
    Feature record: CXX_FEATURE:1cxx_generalized_initializers
    Feature record: CXX_FEATURE:1cxx_generic_lambdas
    Feature record: CXX_FEATURE:1cxx_inheriting_constructors
    Feature record: CXX_FEATURE:1cxx_inline_namespaces
    Feature record: CXX_FEATURE:1cxx_lambdas
    Feature record: CXX_FEATURE:1cxx_lambda_init_captures
    Feature record: CXX_FEATURE:1cxx_local_type_template_args
    Feature record: CXX_FEATURE:1cxx_long_long_type
    Feature record: CXX_FEATURE:1cxx_noexcept
    Feature record: CXX_FEATURE:1cxx_nonstatic_member_init
    Feature record: CXX_FEATURE:1cxx_nullptr
    Feature record: CXX_FEATURE:1cxx_override
    Feature record: CXX_FEATURE:1cxx_range_for
    Feature record: CXX_FEATURE:1cxx_raw_string_literals
    Feature record: CXX_FEATURE:1cxx_reference_qualified_functions
    Feature record: CXX_FEATURE:1cxx_relaxed_constexpr
    Feature record: CXX_FEATURE:1cxx_return_type_deduction
    Feature record: CXX_FEATURE:1cxx_right_angle_brackets
    Feature record: CXX_FEATURE:1cxx_rvalue_references
    Feature record: CXX_FEATURE:1cxx_sizeof_member
    Feature record: CXX_FEATURE:1cxx_static_assert
    Feature record: CXX_FEATURE:1cxx_strong_enums
    Feature record: CXX_FEATURE:1cxx_template_template_parameters
    Feature record: CXX_FEATURE:1cxx_thread_local
    Feature record: CXX_FEATURE:1cxx_trailing_return_types
    Feature record: CXX_FEATURE:1cxx_unicode_literals
    Feature record: CXX_FEATURE:1cxx_uniform_initialization
    Feature record: CXX_FEATURE:1cxx_unrestricted_unions
    Feature record: CXX_FEATURE:1cxx_user_literals
    Feature record: CXX_FEATURE:1cxx_variable_templates
    Feature record: CXX_FEATURE:1cxx_variadic_macros
    Feature record: CXX_FEATURE:1cxx_variadic_templates


Detecting CXX [-std=c++14] compiler features compiled with the following output:
Change Dir: /home/chetan/Documents/Unikernel-Serverless/Kernels/echo_server/build/CMakeFiles/CMakeTmp

Run Build Command:"/usr/bin/make" "cmTC_c894f/fast"
/usr/bin/make -f CMakeFiles/cmTC_c894f.dir/build.make CMakeFiles/cmTC_c894f.dir/build
make[1]: Entering directory '/home/chetan/Documents/Unikernel-Serverless/Kernels/echo_server/build/CMakeFiles/CMakeTmp'
Building CXX object CMakeFiles/cmTC_c894f.dir/feature_tests.cxx.o
/usr/bin/clang++-6.0    -msse3 -mfpmath=sse -O2 -g    -std=c++14 -o CMakeFiles/cmTC_c894f.dir/feature_tests.cxx.o -c /home/chetan/Documents/Unikernel-Serverless/Kernels/echo_server/build/CMakeFiles/feature_tests.cxx
Linking CXX static library libcmTC_c894f.a
/usr/bin/cmake -P CMakeFiles/cmTC_c894f.dir/cmake_clean_target.cmake
/usr/bin/cmake -E cmake_link_script CMakeFiles/cmTC_c894f.dir/link.txt --verbose=1
/usr/bin/ar qc libcmTC_c894f.a  CMakeFiles/cmTC_c894f.dir/feature_tests.cxx.o
/usr/bin/ranlib libcmTC_c894f.a
make[1]: Leaving directory '/home/chetan/Documents/Unikernel-Serverless/Kernels/echo_server/build/CMakeFiles/CMakeTmp'


    Feature record: CXX_FEATURE:1cxx_aggregate_default_initializers
    Feature record: CXX_FEATURE:1cxx_alias_templates
    Feature record: CXX_FEATURE:1cxx_alignas
    Feature record: CXX_FEATURE:1cxx_alignof
    Feature record: CXX_FEATURE:1cxx_attributes
    Feature record: CXX_FEATURE:1cxx_attribute_deprecated
    Feature record: CXX_FEATURE:1cxx_auto_type
    Feature record: CXX_FEATURE:1cxx_binary_literals
    Feature record: CXX_FEATURE:1cxx_constexpr
    Feature record: CXX_FEATURE:1cxx_contextual_conversions
    Feature record: CXX_FEATURE:1cxx_decltype
    Feature record: CXX_FEATURE:1cxx_decltype_auto
    Feature record: CXX_FEATURE:1cxx_decltype_incomplete_return_types
    Feature record: CXX_FEATURE:1cxx_default_function_template_args
    Feature record: CXX_FEATURE:1cxx_defaulted_functions
    Feature record: CXX_FEATURE:1cxx_defaulted_move_initializers
    Feature record: CXX_FEATURE:1cxx_delegating_constructors
    Feature record: CXX_FEATURE:1cxx_deleted_functions
    Feature record: CXX_FEATURE:1cxx_digit_separators
    Feature record: CXX_FEATURE:1cxx_enum_forward_declarations
    Feature record: CXX_FEATURE:1cxx_explicit_conversions
    Feature record: CXX_FEATURE:1cxx_extended_friend_declarations
    Feature record: CXX_FEATURE:1cxx_extern_templates
    Feature record: CXX_FEATURE:1cxx_final
    Feature record: CXX_FEATURE:1cxx_func_identifier
    Feature record: CXX_FEATURE:1cxx_generalized_initializers
    Feature record: CXX_FEATURE:1cxx_generic_lambdas
    Feature record: CXX_FEATURE:1cxx_inheriting_constructors
    Feature record: CXX_FEATURE:1cxx_inline_namespaces
    Feature record: CXX_FEATURE:1cxx_lambdas
    Feature record: CXX_FEATURE:1cxx_lambda_init_captures
    Feature record: CXX_FEATURE:1cxx_local_type_template_args
    Feature record: CXX_FEATURE:1cxx_long_long_type
    Feature record: CXX_FEATURE:1cxx_noexcept
    Feature record: CXX_FEATURE:1cxx_nonstatic_member_init
    Feature record: CXX_FEATURE:1cxx_nullptr
    Feature record: CXX_FEATURE:1cxx_override
    Feature record: CXX_FEATURE:1cxx_range_for
    Feature record: CXX_FEATURE:1cxx_raw_string_literals
    Feature record: CXX_FEATURE:1cxx_reference_qualified_functions
    Feature record: CXX_FEATURE:1cxx_relaxed_constexpr
    Feature record: CXX_FEATURE:1cxx_return_type_deduction
    Feature record: CXX_FEATURE:1cxx_right_angle_brackets
    Feature record: CXX_FEATURE:1cxx_rvalue_references
    Feature record: CXX_FEATURE:1cxx_sizeof_member
    Feature record: CXX_FEATURE:1cxx_static_assert
    Feature record: CXX_FEATURE:1cxx_strong_enums
    Feature record: CXX_FEATURE:1cxx_template_template_parameters
    Feature record: CXX_FEATURE:1cxx_thread_local
    Feature record: CXX_FEATURE:1cxx_trailing_return_types
    Feature record: CXX_FEATURE:1cxx_unicode_literals
    Feature record: CXX_FEATURE:1cxx_uniform_initialization
    Feature record: CXX_FEATURE:1cxx_unrestricted_unions
    Feature record: CXX_FEATURE:1cxx_user_literals
    Feature record: CXX_FEATURE:1cxx_variable_templates
    Feature record: CXX_FEATURE:1cxx_variadic_macros
    Feature record: CXX_FEATURE:1cxx_variadic_templates


Detecting CXX [-std=c++11] compiler features compiled with the following output:
Change Dir: /home/chetan/Documents/Unikernel-Serverless/Kernels/echo_server/build/CMakeFiles/CMakeTmp

Run Build Command:"/usr/bin/make" "cmTC_07800/fast"
/usr/bin/make -f CMakeFiles/cmTC_07800.dir/build.make CMakeFiles/cmTC_07800.dir/build
make[1]: Entering directory '/home/chetan/Documents/Unikernel-Serverless/Kernels/echo_server/build/CMakeFiles/CMakeTmp'
Building CXX object CMakeFiles/cmTC_07800.dir/feature_tests.cxx.o
/usr/bin/clang++-6.0    -msse3 -mfpmath=sse -O2 -g    -std=c++11 -o CMakeFiles/cmTC_07800.dir/feature_tests.cxx.o -c /home/chetan/Documents/Unikernel-Serverless/Kernels/echo_server/build/CMakeFiles/feature_tests.cxx
Linking CXX static library libcmTC_07800.a
/usr/bin/cmake -P CMakeFiles/cmTC_07800.dir/cmake_clean_target.cmake
/usr/bin/cmake -E cmake_link_script CMakeFiles/cmTC_07800.dir/link.txt --verbose=1
/usr/bin/ar qc libcmTC_07800.a  CMakeFiles/cmTC_07800.dir/feature_tests.cxx.o
/usr/bin/ranlib libcmTC_07800.a
make[1]: Leaving directory '/home/chetan/Documents/Unikernel-Serverless/Kernels/echo_server/build/CMakeFiles/CMakeTmp'


    Feature record: CXX_FEATURE:0cxx_aggregate_default_initializers
    Feature record: CXX_FEATURE:1cxx_alias_templates
    Feature record: CXX_FEATURE:1cxx_alignas
    Feature record: CXX_FEATURE:1cxx_alignof
    Feature record: CXX_FEATURE:1cxx_attributes
    Feature record: CXX_FEATURE:0cxx_attribute_deprecated
    Feature record: CXX_FEATURE:1cxx_auto_type
    Feature record: CXX_FEATURE:0cxx_binary_literals
    Feature record: CXX_FEATURE:1cxx_constexpr
    Feature record: CXX_FEATURE:0cxx_contextual_conversions
    Feature record: CXX_FEATURE:1cxx_decltype
    Feature record: CXX_FEATURE:0cxx_decltype_auto
    Feature record: CXX_FEATURE:1cxx_decltype_incomplete_return_types
    Feature record: CXX_FEATURE:1cxx_default_function_template_args
    Feature record: CXX_FEATURE:1cxx_defaulted_functions
    Feature record: CXX_FEATURE:1cxx_defaulted_move_initializers
    Feature record: CXX_FEATURE:1cxx_delegating_constructors
    Feature record: CXX_FEATURE:1cxx_deleted_functions
    Feature record: CXX_FEATURE:0cxx_digit_separators
    Feature record: CXX_FEATURE:1cxx_enum_forward_declarations
    Feature record: CXX_FEATURE:1cxx_explicit_conversions
    Feature record: CXX_FEATURE:1cxx_extended_friend_declarations
    Feature record: CXX_FEATURE:1cxx_extern_templates
    Feature record: CXX_FEATURE:1cxx_final
    Feature record: CXX_FEATURE:1cxx_func_identifier
    Feature record: CXX_FEATURE:1cxx_generalized_initializers
    Feature record: CXX_FEATURE:0cxx_generic_lambdas
    Feature record: CXX_FEATURE:1cxx_inheriting_constructors
    Feature record: CXX_FEATURE:1cxx_inline_namespaces
    Feature record: CXX_FEATURE:1cxx_lambdas
    Feature record: CXX_FEATURE:0cxx_lambda_init_captures
    Feature record: CXX_FEATURE:1cxx_local_type_template_args
    Feature record: CXX_FEATURE:1cxx_long_long_type
    Feature record: CXX_FEATURE:1cxx_noexcept
    Feature record: CXX_FEATURE:1cxx_nonstatic_member_init
    Feature record: CXX_FEATURE:1cxx_nullptr
    Feature record: CXX_FEATURE:1cxx_override
    Feature record: CXX_FEATURE:1cxx_range_for
    Feature record: CXX_FEATURE:1cxx_raw_string_literals
    Feature record: CXX_FEATURE:1cxx_reference_qualified_functions
    Feature record: CXX_FEATURE:0cxx_relaxed_constexpr
    Feature record: CXX_FEATURE:0cxx_return_type_deduction
    Feature record: CXX_FEATURE:1cxx_right_angle_brackets
    Feature record: CXX_FEATURE:1cxx_rvalue_references
    Feature record: CXX_FEATURE:1cxx_sizeof_member
    Feature record: CXX_FEATURE:1cxx_static_assert
    Feature record: CXX_FEATURE:1cxx_strong_enums
    Feature record: CXX_FEATURE:1cxx_template_template_parameters
    Feature record: CXX_FEATURE:1cxx_thread_local
    Feature record: CXX_FEATURE:1cxx_trailing_return_types
    Feature record: CXX_FEATURE:1cxx_unicode_literals
    Feature record: CXX_FEATURE:1cxx_uniform_initialization
    Feature record: CXX_FEATURE:1cxx_unrestricted_unions
    Feature record: CXX_FEATURE:1cxx_user_literals
    Feature record: CXX_FEATURE:0cxx_variable_templates
    Feature record: CXX_FEATURE:1cxx_variadic_macros
    Feature record: CXX_FEATURE:1cxx_variadic_templates


Detecting CXX [-std=c++98] compiler features compiled with the following output:
Change Dir: /home/chetan/Documents/Unikernel-Serverless/Kernels/echo_server/build/CMakeFiles/CMakeTmp

Run Build Command:"/usr/bin/make" "cmTC_575a4/fast"
/usr/bin/make -f CMakeFiles/cmTC_575a4.dir/build.make CMakeFiles/cmTC_575a4.dir/build
make[1]: Entering directory '/home/chetan/Documents/Unikernel-Serverless/Kernels/echo_server/build/CMakeFiles/CMakeTmp'
Building CXX object CMakeFiles/cmTC_575a4.dir/feature_tests.cxx.o
/usr/bin/clang++-6.0    -msse3 -mfpmath=sse -O2 -g    -std=c++98 -o CMakeFiles/cmTC_575a4.dir/feature_tests.cxx.o -c /home/chetan/Documents/Unikernel-Serverless/Kernels/echo_server/build/CMakeFiles/feature_tests.cxx
Linking CXX static library libcmTC_575a4.a
/usr/bin/cmake -P CMakeFiles/cmTC_575a4.dir/cmake_clean_target.cmake
/usr/bin/cmake -E cmake_link_script CMakeFiles/cmTC_575a4.dir/link.txt --verbose=1
/usr/bin/ar qc libcmTC_575a4.a  CMakeFiles/cmTC_575a4.dir/feature_tests.cxx.o
/usr/bin/ranlib libcmTC_575a4.a
make[1]: Leaving directory '/home/chetan/Documents/Unikernel-Serverless/Kernels/echo_server/build/CMakeFiles/CMakeTmp'


    Feature record: CXX_FEATURE:0cxx_aggregate_default_initializers
    Feature record: CXX_FEATURE:0cxx_alias_templates
    Feature record: CXX_FEATURE:0cxx_alignas
    Feature record: CXX_FEATURE:0cxx_alignof
    Feature record: CXX_FEATURE:0cxx_attributes
    Feature record: CXX_FEATURE:0cxx_attribute_deprecated
    Feature record: CXX_FEATURE:0cxx_auto_type
    Feature record: CXX_FEATURE:0cxx_binary_literals
    Feature record: CXX_FEATURE:0cxx_constexpr
    Feature record: CXX_FEATURE:0cxx_contextual_conversions
    Feature record: CXX_FEATURE:0cxx_decltype
    Feature record: CXX_FEATURE:0cxx_decltype_auto
    Feature record: CXX_FEATURE:0cxx_decltype_incomplete_return_types
    Feature record: CXX_FEATURE:0cxx_default_function_template_args
    Feature record: CXX_FEATURE:0cxx_defaulted_functions
    Feature record: CXX_FEATURE:0cxx_defaulted_move_initializers
    Feature record: CXX_FEATURE:0cxx_delegating_constructors
    Feature record: CXX_FEATURE:0cxx_deleted_functions
    Feature record: CXX_FEATURE:0cxx_digit_separators
    Feature record: CXX_FEATURE:0cxx_enum_forward_declarations
    Feature record: CXX_FEATURE:0cxx_explicit_conversions
    Feature record: CXX_FEATURE:0cxx_extended_friend_declarations
    Feature record: CXX_FEATURE:0cxx_extern_templates
    Feature record: CXX_FEATURE:0cxx_final
    Feature record: CXX_FEATURE:0cxx_func_identifier
    Feature record: CXX_FEATURE:0cxx_generalized_initializers
    Feature record: CXX_FEATURE:0cxx_generic_lambdas
    Feature record: CXX_FEATURE:0cxx_inheriting_constructors
    Feature record: CXX_FEATURE:0cxx_inline_namespaces
    Feature record: CXX_FEATURE:0cxx_lambdas
    Feature record: CXX_FEATURE:0cxx_lambda_init_captures
    Feature record: CXX_FEATURE:0cxx_local_type_template_args
    Feature record: CXX_FEATURE:0cxx_long_long_type
    Feature record: CXX_FEATURE:0cxx_noexcept
    Feature record: CXX_FEATURE:0cxx_nonstatic_member_init
    Feature record: CXX_FEATURE:0cxx_nullptr
    Feature record: CXX_FEATURE:0cxx_override
    Feature record: CXX_FEATURE:0cxx_range_for
    Feature record: CXX_FEATURE:0cxx_raw_string_literals
    Feature record: CXX_FEATURE:0cxx_reference_qualified_functions
    Feature record: CXX_FEATURE:0cxx_relaxed_constexpr
    Feature record: CXX_FEATURE:0cxx_return_type_deduction
    Feature record: CXX_FEATURE:0cxx_right_angle_brackets
    Feature record: CXX_FEATURE:0cxx_rvalue_references
    Feature record: CXX_FEATURE:0cxx_sizeof_member
    Feature record: CXX_FEATURE:0cxx_static_assert
    Feature record: CXX_FEATURE:0cxx_strong_enums
    Feature record: CXX_FEATURE:1cxx_template_template_parameters
    Feature record: CXX_FEATURE:0cxx_thread_local
    Feature record: CXX_FEATURE:0cxx_trailing_return_types
    Feature record: CXX_FEATURE:0cxx_unicode_literals
    Feature record: CXX_FEATURE:0cxx_uniform_initialization
    Feature record: CXX_FEATURE:0cxx_unrestricted_unions
    Feature record: CXX_FEATURE:0cxx_user_literals
    Feature record: CXX_FEATURE:0cxx_variable_templates
    Feature record: CXX_FEATURE:0cxx_variadic_macros
    Feature record: CXX_FEATURE:0cxx_variadic_templates
Checking whether the ASM_NASM compiler is NASM using "-v" matched "(NASM version)":
NASM version 2.13.02
