            |      ___|
  __|  _ \  |  _ \ __ \
\__ \ (   | | (   |  ) |
____/\___/ _|\___/____/
Solo5: Bindings version v0.6.4
Solo5: Memory map: 512 MB addressable:
Solo5:   reserved @ (0x0 - 0xfffff)
Solo5:       text @ (0x100000 - 0x403fff)
Solo5:     rodata @ (0x404000 - 0x48efff)
Solo5:       data @ (0x48f000 - 0x67bfff)
Solo5:       heap >= 0x67c000 < stack < 0x20000000
2020-03-31 14:32:41 -00:00: INF [netif] Plugging into service with mac 72:e7:1e:85:bb:47 mtu 1500
2020-03-31 14:32:41 -00:00: INF [ethernet] Connected Ethernet interface 72:e7:1e:85:bb:47
2020-03-31 14:32:41 -00:00: INF [ARP] Sending gratuitous ARP for 10.0.0.2 (72:e7:1e:85:bb:47)
2020-03-31 14:32:41 -00:00: INF [udp] UDP interface connected on 10.0.0.2
2020-03-31 14:32:41 -00:00: INF [tcpip-stack-direct] stack assembled: mac=72:e7:1e:85:bb:47,ip=10.0.0.2
28
Solo5: solo5_exit(0) called
            |      ___|
  __|  _ \  |  _ \ __ \
\__ \ (   | | (   |  ) |
____/\___/ _|\___/____/
Solo5: Bindings version v0.6.4
Solo5: Memory map: 512 MB addressable:
Solo5:   reserved @ (0x0 - 0xfffff)
Solo5:       text @ (0x100000 - 0x403fff)
Solo5:     rodata @ (0x404000 - 0x48efff)
Solo5:       data @ (0x48f000 - 0x67bfff)
Solo5:       heap >= 0x67c000 < stack < 0x20000000
2020-03-31 14:32:53 -00:00: INF [netif] Plugging into service with mac 36:87:92:57:54:91 mtu 1500
2020-03-31 14:32:53 -00:00: INF [ethernet] Connected Ethernet interface 36:87:92:57:54:91
2020-03-31 14:32:53 -00:00: INF [ARP] Sending gratuitous ARP for 10.0.0.2 (36:87:92:57:54:91)
2020-03-31 14:32:53 -00:00: INF [udp] UDP interface connected on 10.0.0.2
2020-03-31 14:32:53 -00:00: INF [tcpip-stack-direct] stack assembled: mac=36:87:92:57:54:91,ip=10.0.0.2
28
Solo5: solo5_exit(0) called
            |      ___|
  __|  _ \  |  _ \ __ \
\__ \ (   | | (   |  ) |
____/\___/ _|\___/____/
Solo5: Bindings version v0.6.4
Solo5: Memory map: 512 MB addressable:
Solo5:   reserved @ (0x0 - 0xfffff)
Solo5:       text @ (0x100000 - 0x403fff)
Solo5:     rodata @ (0x404000 - 0x48efff)
Solo5:       data @ (0x48f000 - 0x67bfff)
Solo5:       heap >= 0x67c000 < stack < 0x20000000
2020-03-31 14:32:54 -00:00: INF [netif] Plugging into service with mac 92:18:bb:ae:cd:f7 mtu 1500
2020-03-31 14:32:54 -00:00: INF [ethernet] Connected Ethernet interface 92:18:bb:ae:cd:f7
2020-03-31 14:32:54 -00:00: INF [ARP] Sending gratuitous ARP for 10.0.0.2 (92:18:bb:ae:cd:f7)
2020-03-31 14:32:54 -00:00: INF [udp] UDP interface connected on 10.0.0.2
2020-03-31 14:32:54 -00:00: INF [tcpip-stack-direct] stack assembled: mac=92:18:bb:ae:cd:f7,ip=10.0.0.2
28
Solo5: solo5_exit(0) called
            |      ___|
  __|  _ \  |  _ \ __ \
\__ \ (   | | (   |  ) |
____/\___/ _|\___/____/
Solo5: Bindings version v0.6.4
Solo5: Memory map: 512 MB addressable:
Solo5:   reserved @ (0x0 - 0xfffff)
Solo5:       text @ (0x100000 - 0x403fff)
Solo5:     rodata @ (0x404000 - 0x48efff)
Solo5:       data @ (0x48f000 - 0x67bfff)
Solo5:       heap >= 0x67c000 < stack < 0x20000000
2020-03-31 14:32:55 -00:00: INF [netif] Plugging into service with mac f6:17:2c:cb:c5:cb mtu 1500
2020-03-31 14:32:55 -00:00: INF [ethernet] Connected Ethernet interface f6:17:2c:cb:c5:cb
2020-03-31 14:32:55 -00:00: INF [ARP] Sending gratuitous ARP for 10.0.0.2 (f6:17:2c:cb:c5:cb)
2020-03-31 14:32:55 -00:00: INF [udp] UDP interface connected on 10.0.0.2
2020-03-31 14:32:55 -00:00: INF [tcpip-stack-direct] stack assembled: mac=f6:17:2c:cb:c5:cb,ip=10.0.0.2
28
Solo5: solo5_exit(0) called
