The system is: Linux - 5.3.0-42-generic - x86_64
Compiling the C compiler identification source file "CMakeCCompilerId.c" succeeded.
Compiler: /usr/bin/clang-6.0 
Build flags: -msse3;-mfpmath=sse;-O2;-g
Id flags:  

The output was:
0


Compilation of the C compiler identification source "CMakeCCompilerId.c" produced "a.out"

The C compiler identification is Clang, found in "/home/chetan/Documents/Unikernel-Serverless/Kernels/pop_char_push_string/build/CMakeFiles/3.10.2/CompilerIdC/a.out"

Compiling the CXX compiler identification source file "CMakeCXXCompilerId.cpp" succeeded.
Compiler: /usr/bin/clang++-6.0 
Build flags: -msse3;-mfpmath=sse;-O2;-g
Id flags:  

The output was:
0


Compilation of the CXX compiler identification source "CMakeCXXCompilerId.cpp" produced "a.out"

The CXX compiler identification is Clang, found in "/home/chetan/Documents/Unikernel-Serverless/Kernels/pop_char_push_string/build/CMakeFiles/3.10.2/CompilerIdCXX/a.out"

Determining if the C compiler works passed with the following output:
Change Dir: /home/chetan/Documents/Unikernel-Serverless/Kernels/pop_char_push_string/build/CMakeFiles/CMakeTmp

Run Build Command:"/usr/bin/make" "cmTC_23284/fast"
/usr/bin/make -f CMakeFiles/cmTC_23284.dir/build.make CMakeFiles/cmTC_23284.dir/build
make[1]: Entering directory '/home/chetan/Documents/Unikernel-Serverless/Kernels/pop_char_push_string/build/CMakeFiles/CMakeTmp'
Building C object CMakeFiles/cmTC_23284.dir/testCCompiler.c.o
/usr/bin/clang-6.0   -msse3 -mfpmath=sse -O2 -g    -o CMakeFiles/cmTC_23284.dir/testCCompiler.c.o   -c /home/chetan/Documents/Unikernel-Serverless/Kernels/pop_char_push_string/build/CMakeFiles/CMakeTmp/testCCompiler.c
Linking C static library libcmTC_23284.a
/usr/bin/cmake -P CMakeFiles/cmTC_23284.dir/cmake_clean_target.cmake
/usr/bin/cmake -E cmake_link_script CMakeFiles/cmTC_23284.dir/link.txt --verbose=1
/usr/bin/ar qc libcmTC_23284.a  CMakeFiles/cmTC_23284.dir/testCCompiler.c.o
/usr/bin/ranlib libcmTC_23284.a
make[1]: Leaving directory '/home/chetan/Documents/Unikernel-Serverless/Kernels/pop_char_push_string/build/CMakeFiles/CMakeTmp'


Detecting C compiler ABI info compiled with the following output:
Change Dir: /home/chetan/Documents/Unikernel-Serverless/Kernels/pop_char_push_string/build/CMakeFiles/CMakeTmp

Run Build Command:"/usr/bin/make" "cmTC_b1666/fast"
/usr/bin/make -f CMakeFiles/cmTC_b1666.dir/build.make CMakeFiles/cmTC_b1666.dir/build
make[1]: Entering directory '/home/chetan/Documents/Unikernel-Serverless/Kernels/pop_char_push_string/build/CMakeFiles/CMakeTmp'
Building C object CMakeFiles/cmTC_b1666.dir/CMakeCCompilerABI.c.o
/usr/bin/clang-6.0   -msse3 -mfpmath=sse -O2 -g    -o CMakeFiles/cmTC_b1666.dir/CMakeCCompilerABI.c.o   -c /usr/share/cmake-3.10/Modules/CMakeCCompilerABI.c
Linking C static library libcmTC_b1666.a
/usr/bin/cmake -P CMakeFiles/cmTC_b1666.dir/cmake_clean_target.cmake
/usr/bin/cmake -E cmake_link_script CMakeFiles/cmTC_b1666.dir/link.txt --verbose=1
/usr/bin/ar qc libcmTC_b1666.a  CMakeFiles/cmTC_b1666.dir/CMakeCCompilerABI.c.o
/usr/bin/ranlib libcmTC_b1666.a
make[1]: Leaving directory '/home/chetan/Documents/Unikernel-Serverless/Kernels/pop_char_push_string/build/CMakeFiles/CMakeTmp'


Parsed C implicit link information from above output:
  link line regex: [^( *|.*[/\])(ld|CMAKE_LINK_STARTFILE-NOTFOUND|([^/\]+-)?ld|collect2)[^/\]*( |$)]
  ignore line: [Change Dir: /home/chetan/Documents/Unikernel-Serverless/Kernels/pop_char_push_string/build/CMakeFiles/CMakeTmp]
  ignore line: []
  ignore line: [Run Build Command:"/usr/bin/make" "cmTC_b1666/fast"]
  ignore line: [/usr/bin/make -f CMakeFiles/cmTC_b1666.dir/build.make CMakeFiles/cmTC_b1666.dir/build]
  ignore line: [make[1]: Entering directory '/home/chetan/Documents/Unikernel-Serverless/Kernels/pop_char_push_string/build/CMakeFiles/CMakeTmp']
  ignore line: [Building C object CMakeFiles/cmTC_b1666.dir/CMakeCCompilerABI.c.o]
  ignore line: [/usr/bin/clang-6.0   -msse3 -mfpmath=sse -O2 -g    -o CMakeFiles/cmTC_b1666.dir/CMakeCCompilerABI.c.o   -c /usr/share/cmake-3.10/Modules/CMakeCCompilerABI.c]
  ignore line: [Linking C static library libcmTC_b1666.a]
  ignore line: [/usr/bin/cmake -P CMakeFiles/cmTC_b1666.dir/cmake_clean_target.cmake]
  ignore line: [/usr/bin/cmake -E cmake_link_script CMakeFiles/cmTC_b1666.dir/link.txt --verbose=1]
  ignore line: [/usr/bin/ar qc libcmTC_b1666.a  CMakeFiles/cmTC_b1666.dir/CMakeCCompilerABI.c.o]
  ignore line: [/usr/bin/ranlib libcmTC_b1666.a]
  ignore line: [make[1]: Leaving directory '/home/chetan/Documents/Unikernel-Serverless/Kernels/pop_char_push_string/build/CMakeFiles/CMakeTmp']
  ignore line: []
  implicit libs: []
  implicit dirs: []
  implicit fwks: []




Detecting C [-std=c11] compiler features compiled with the following output:
Change Dir: /home/chetan/Documents/Unikernel-Serverless/Kernels/pop_char_push_string/build/CMakeFiles/CMakeTmp

Run Build Command:"/usr/bin/make" "cmTC_39142/fast"
/usr/bin/make -f CMakeFiles/cmTC_39142.dir/build.make CMakeFiles/cmTC_39142.dir/build
make[1]: Entering directory '/home/chetan/Documents/Unikernel-Serverless/Kernels/pop_char_push_string/build/CMakeFiles/CMakeTmp'
Building C object CMakeFiles/cmTC_39142.dir/feature_tests.c.o
/usr/bin/clang-6.0   -msse3 -mfpmath=sse -O2 -g    -std=c11 -o CMakeFiles/cmTC_39142.dir/feature_tests.c.o   -c /home/chetan/Documents/Unikernel-Serverless/Kernels/pop_char_push_string/build/CMakeFiles/feature_tests.c
Linking C static library libcmTC_39142.a
/usr/bin/cmake -P CMakeFiles/cmTC_39142.dir/cmake_clean_target.cmake
/usr/bin/cmake -E cmake_link_script CMakeFiles/cmTC_39142.dir/link.txt --verbose=1
/usr/bin/ar qc libcmTC_39142.a  CMakeFiles/cmTC_39142.dir/feature_tests.c.o
/usr/bin/ranlib libcmTC_39142.a
make[1]: Leaving directory '/home/chetan/Documents/Unikernel-Serverless/Kernels/pop_char_push_string/build/CMakeFiles/CMakeTmp'


    Feature record: C_FEATURE:1c_function_prototypes
    Feature record: C_FEATURE:1c_restrict
    Feature record: C_FEATURE:1c_static_assert
    Feature record: C_FEATURE:1c_variadic_macros


Detecting C [-std=c99] compiler features compiled with the following output:
Change Dir: /home/chetan/Documents/Unikernel-Serverless/Kernels/pop_char_push_string/build/CMakeFiles/CMakeTmp

Run Build Command:"/usr/bin/make" "cmTC_eba5c/fast"
/usr/bin/make -f CMakeFiles/cmTC_eba5c.dir/build.make CMakeFiles/cmTC_eba5c.dir/build
make[1]: Entering directory '/home/chetan/Documents/Unikernel-Serverless/Kernels/pop_char_push_string/build/CMakeFiles/CMakeTmp'
Building C object CMakeFiles/cmTC_eba5c.dir/feature_tests.c.o
/usr/bin/clang-6.0   -msse3 -mfpmath=sse -O2 -g    -std=c99 -o CMakeFiles/cmTC_eba5c.dir/feature_tests.c.o   -c /home/chetan/Documents/Unikernel-Serverless/Kernels/pop_char_push_string/build/CMakeFiles/feature_tests.c
Linking C static library libcmTC_eba5c.a
/usr/bin/cmake -P CMakeFiles/cmTC_eba5c.dir/cmake_clean_target.cmake
/usr/bin/cmake -E cmake_link_script CMakeFiles/cmTC_eba5c.dir/link.txt --verbose=1
/usr/bin/ar qc libcmTC_eba5c.a  CMakeFiles/cmTC_eba5c.dir/feature_tests.c.o
/usr/bin/ranlib libcmTC_eba5c.a
make[1]: Leaving directory '/home/chetan/Documents/Unikernel-Serverless/Kernels/pop_char_push_string/build/CMakeFiles/CMakeTmp'


    Feature record: C_FEATURE:1c_function_prototypes
    Feature record: C_FEATURE:1c_restrict
    Feature record: C_FEATURE:0c_static_assert
    Feature record: C_FEATURE:1c_variadic_macros


Detecting C [-std=c90] compiler features compiled with the following output:
Change Dir: /home/chetan/Documents/Unikernel-Serverless/Kernels/pop_char_push_string/build/CMakeFiles/CMakeTmp

Run Build Command:"/usr/bin/make" "cmTC_522cd/fast"
/usr/bin/make -f CMakeFiles/cmTC_522cd.dir/build.make CMakeFiles/cmTC_522cd.dir/build
make[1]: Entering directory '/home/chetan/Documents/Unikernel-Serverless/Kernels/pop_char_push_string/build/CMakeFiles/CMakeTmp'
Building C object CMakeFiles/cmTC_522cd.dir/feature_tests.c.o
/usr/bin/clang-6.0   -msse3 -mfpmath=sse -O2 -g    -std=c90 -o CMakeFiles/cmTC_522cd.dir/feature_tests.c.o   -c /home/chetan/Documents/Unikernel-Serverless/Kernels/pop_char_push_string/build/CMakeFiles/feature_tests.c
Linking C static library libcmTC_522cd.a
/usr/bin/cmake -P CMakeFiles/cmTC_522cd.dir/cmake_clean_target.cmake
/usr/bin/cmake -E cmake_link_script CMakeFiles/cmTC_522cd.dir/link.txt --verbose=1
/usr/bin/ar qc libcmTC_522cd.a  CMakeFiles/cmTC_522cd.dir/feature_tests.c.o
/usr/bin/ranlib libcmTC_522cd.a
make[1]: Leaving directory '/home/chetan/Documents/Unikernel-Serverless/Kernels/pop_char_push_string/build/CMakeFiles/CMakeTmp'


    Feature record: C_FEATURE:1c_function_prototypes
    Feature record: C_FEATURE:0c_restrict
    Feature record: C_FEATURE:0c_static_assert
    Feature record: C_FEATURE:0c_variadic_macros
Determining if the CXX compiler works passed with the following output:
Change Dir: /home/chetan/Documents/Unikernel-Serverless/Kernels/pop_char_push_string/build/CMakeFiles/CMakeTmp

Run Build Command:"/usr/bin/make" "cmTC_c1597/fast"
/usr/bin/make -f CMakeFiles/cmTC_c1597.dir/build.make CMakeFiles/cmTC_c1597.dir/build
make[1]: Entering directory '/home/chetan/Documents/Unikernel-Serverless/Kernels/pop_char_push_string/build/CMakeFiles/CMakeTmp'
Building CXX object CMakeFiles/cmTC_c1597.dir/testCXXCompiler.cxx.o
/usr/bin/clang++-6.0    -msse3 -mfpmath=sse -O2 -g    -o CMakeFiles/cmTC_c1597.dir/testCXXCompiler.cxx.o -c /home/chetan/Documents/Unikernel-Serverless/Kernels/pop_char_push_string/build/CMakeFiles/CMakeTmp/testCXXCompiler.cxx
Linking CXX static library libcmTC_c1597.a
/usr/bin/cmake -P CMakeFiles/cmTC_c1597.dir/cmake_clean_target.cmake
/usr/bin/cmake -E cmake_link_script CMakeFiles/cmTC_c1597.dir/link.txt --verbose=1
/usr/bin/ar qc libcmTC_c1597.a  CMakeFiles/cmTC_c1597.dir/testCXXCompiler.cxx.o
/usr/bin/ranlib libcmTC_c1597.a
make[1]: Leaving directory '/home/chetan/Documents/Unikernel-Serverless/Kernels/pop_char_push_string/build/CMakeFiles/CMakeTmp'


Detecting CXX compiler ABI info compiled with the following output:
Change Dir: /home/chetan/Documents/Unikernel-Serverless/Kernels/pop_char_push_string/build/CMakeFiles/CMakeTmp

Run Build Command:"/usr/bin/make" "cmTC_781c6/fast"
/usr/bin/make -f CMakeFiles/cmTC_781c6.dir/build.make CMakeFiles/cmTC_781c6.dir/build
make[1]: Entering directory '/home/chetan/Documents/Unikernel-Serverless/Kernels/pop_char_push_string/build/CMakeFiles/CMakeTmp'
Building CXX object CMakeFiles/cmTC_781c6.dir/CMakeCXXCompilerABI.cpp.o
/usr/bin/clang++-6.0    -msse3 -mfpmath=sse -O2 -g    -o CMakeFiles/cmTC_781c6.dir/CMakeCXXCompilerABI.cpp.o -c /usr/share/cmake-3.10/Modules/CMakeCXXCompilerABI.cpp
Linking CXX static library libcmTC_781c6.a
/usr/bin/cmake -P CMakeFiles/cmTC_781c6.dir/cmake_clean_target.cmake
/usr/bin/cmake -E cmake_link_script CMakeFiles/cmTC_781c6.dir/link.txt --verbose=1
/usr/bin/ar qc libcmTC_781c6.a  CMakeFiles/cmTC_781c6.dir/CMakeCXXCompilerABI.cpp.o
/usr/bin/ranlib libcmTC_781c6.a
make[1]: Leaving directory '/home/chetan/Documents/Unikernel-Serverless/Kernels/pop_char_push_string/build/CMakeFiles/CMakeTmp'


Parsed CXX implicit link information from above output:
  link line regex: [^( *|.*[/\])(ld|CMAKE_LINK_STARTFILE-NOTFOUND|([^/\]+-)?ld|collect2)[^/\]*( |$)]
  ignore line: [Change Dir: /home/chetan/Documents/Unikernel-Serverless/Kernels/pop_char_push_string/build/CMakeFiles/CMakeTmp]
  ignore line: []
  ignore line: [Run Build Command:"/usr/bin/make" "cmTC_781c6/fast"]
  ignore line: [/usr/bin/make -f CMakeFiles/cmTC_781c6.dir/build.make CMakeFiles/cmTC_781c6.dir/build]
  ignore line: [make[1]: Entering directory '/home/chetan/Documents/Unikernel-Serverless/Kernels/pop_char_push_string/build/CMakeFiles/CMakeTmp']
  ignore line: [Building CXX object CMakeFiles/cmTC_781c6.dir/CMakeCXXCompilerABI.cpp.o]
  ignore line: [/usr/bin/clang++-6.0    -msse3 -mfpmath=sse -O2 -g    -o CMakeFiles/cmTC_781c6.dir/CMakeCXXCompilerABI.cpp.o -c /usr/share/cmake-3.10/Modules/CMakeCXXCompilerABI.cpp]
  ignore line: [Linking CXX static library libcmTC_781c6.a]
  ignore line: [/usr/bin/cmake -P CMakeFiles/cmTC_781c6.dir/cmake_clean_target.cmake]
  ignore line: [/usr/bin/cmake -E cmake_link_script CMakeFiles/cmTC_781c6.dir/link.txt --verbose=1]
  ignore line: [/usr/bin/ar qc libcmTC_781c6.a  CMakeFiles/cmTC_781c6.dir/CMakeCXXCompilerABI.cpp.o]
  ignore line: [/usr/bin/ranlib libcmTC_781c6.a]
  ignore line: [make[1]: Leaving directory '/home/chetan/Documents/Unikernel-Serverless/Kernels/pop_char_push_string/build/CMakeFiles/CMakeTmp']
  ignore line: []
  implicit libs: []
  implicit dirs: []
  implicit fwks: []




Detecting CXX [-std=c++1z] compiler features compiled with the following output:
Change Dir: /home/chetan/Documents/Unikernel-Serverless/Kernels/pop_char_push_string/build/CMakeFiles/CMakeTmp

Run Build Command:"/usr/bin/make" "cmTC_db34a/fast"
/usr/bin/make -f CMakeFiles/cmTC_db34a.dir/build.make CMakeFiles/cmTC_db34a.dir/build
make[1]: Entering directory '/home/chetan/Documents/Unikernel-Serverless/Kernels/pop_char_push_string/build/CMakeFiles/CMakeTmp'
Building CXX object CMakeFiles/cmTC_db34a.dir/feature_tests.cxx.o
/usr/bin/clang++-6.0    -msse3 -mfpmath=sse -O2 -g    -std=c++1z -o CMakeFiles/cmTC_db34a.dir/feature_tests.cxx.o -c /home/chetan/Documents/Unikernel-Serverless/Kernels/pop_char_push_string/build/CMakeFiles/feature_tests.cxx
Linking CXX static library libcmTC_db34a.a
/usr/bin/cmake -P CMakeFiles/cmTC_db34a.dir/cmake_clean_target.cmake
/usr/bin/cmake -E cmake_link_script CMakeFiles/cmTC_db34a.dir/link.txt --verbose=1
/usr/bin/ar qc libcmTC_db34a.a  CMakeFiles/cmTC_db34a.dir/feature_tests.cxx.o
/usr/bin/ranlib libcmTC_db34a.a
make[1]: Leaving directory '/home/chetan/Documents/Unikernel-Serverless/Kernels/pop_char_push_string/build/CMakeFiles/CMakeTmp'


    Feature record: CXX_FEATURE:1cxx_aggregate_default_initializers
    Feature record: CXX_FEATURE:1cxx_alias_templates
    Feature record: CXX_FEATURE:1cxx_alignas
    Feature record: CXX_FEATURE:1cxx_alignof
    Feature record: CXX_FEATURE:1cxx_attributes
    Feature record: CXX_FEATURE:1cxx_attribute_deprecated
    Feature record: CXX_FEATURE:1cxx_auto_type
    Feature record: CXX_FEATURE:1cxx_binary_literals
    Feature record: CXX_FEATURE:1cxx_constexpr
    Feature record: CXX_FEATURE:1cxx_contextual_conversions
    Feature record: CXX_FEATURE:1cxx_decltype
    Feature record: CXX_FEATURE:1cxx_decltype_auto
    Feature record: CXX_FEATURE:1cxx_decltype_incomplete_return_types
    Feature record: CXX_FEATURE:1cxx_default_function_template_args
    Feature record: CXX_FEATURE:1cxx_defaulted_functions
    Feature record: CXX_FEATURE:1cxx_defaulted_move_initializers
    Feature record: CXX_FEATURE:1cxx_delegating_constructors
    Feature record: CXX_FEATURE:1cxx_deleted_functions
    Feature record: CXX_FEATURE:1cxx_digit_separators
    Feature record: CXX_FEATURE:1cxx_enum_forward_declarations
    Feature record: CXX_FEATURE:1cxx_explicit_conversions
    Feature record: CXX_FEATURE:1cxx_extended_friend_declarations
    Feature record: CXX_FEATURE:1cxx_extern_templates
    Feature record: CXX_FEATURE:1cxx_final
    Feature record: CXX_FEATURE:1cxx_func_identifier
    Feature record: CXX_FEATURE:1cxx_generalized_initializers
    Feature record: CXX_FEATURE:1cxx_generic_lambdas
    Feature record: CXX_FEATURE:1cxx_inheriting_constructors
    Feature record: CXX_FEATURE:1cxx_inline_namespaces
    Feature record: CXX_FEATURE:1cxx_lambdas
    Feature record: CXX_FEATURE:1cxx_lambda_init_captures
    Feature record: CXX_FEATURE:1cxx_local_type_template_args
    Feature record: CXX_FEATURE:1cxx_long_long_type
    Feature record: CXX_FEATURE:1cxx_noexcept
    Feature record: CXX_FEATURE:1cxx_nonstatic_member_init
    Feature record: CXX_FEATURE:1cxx_nullptr
    Feature record: CXX_FEATURE:1cxx_override
    Feature record: CXX_FEATURE:1cxx_range_for
    Feature record: CXX_FEATURE:1cxx_raw_string_literals
    Feature record: CXX_FEATURE:1cxx_reference_qualified_functions
    Feature record: CXX_FEATURE:1cxx_relaxed_constexpr
    Feature record: CXX_FEATURE:1cxx_return_type_deduction
    Feature record: CXX_FEATURE:1cxx_right_angle_brackets
    Feature record: CXX_FEATURE:1cxx_rvalue_references
    Feature record: CXX_FEATURE:1cxx_sizeof_member
    Feature record: CXX_FEATURE:1cxx_static_assert
    Feature record: CXX_FEATURE:1cxx_strong_enums
    Feature record: CXX_FEATURE:1cxx_template_template_parameters
    Feature record: CXX_FEATURE:1cxx_thread_local
    Feature record: CXX_FEATURE:1cxx_trailing_return_types
    Feature record: CXX_FEATURE:1cxx_unicode_literals
    Feature record: CXX_FEATURE:1cxx_uniform_initialization
    Feature record: CXX_FEATURE:1cxx_unrestricted_unions
    Feature record: CXX_FEATURE:1cxx_user_literals
    Feature record: CXX_FEATURE:1cxx_variable_templates
    Feature record: CXX_FEATURE:1cxx_variadic_macros
    Feature record: CXX_FEATURE:1cxx_variadic_templates


Detecting CXX [-std=c++14] compiler features compiled with the following output:
Change Dir: /home/chetan/Documents/Unikernel-Serverless/Kernels/pop_char_push_string/build/CMakeFiles/CMakeTmp

Run Build Command:"/usr/bin/make" "cmTC_e3828/fast"
/usr/bin/make -f CMakeFiles/cmTC_e3828.dir/build.make CMakeFiles/cmTC_e3828.dir/build
make[1]: Entering directory '/home/chetan/Documents/Unikernel-Serverless/Kernels/pop_char_push_string/build/CMakeFiles/CMakeTmp'
Building CXX object CMakeFiles/cmTC_e3828.dir/feature_tests.cxx.o
/usr/bin/clang++-6.0    -msse3 -mfpmath=sse -O2 -g    -std=c++14 -o CMakeFiles/cmTC_e3828.dir/feature_tests.cxx.o -c /home/chetan/Documents/Unikernel-Serverless/Kernels/pop_char_push_string/build/CMakeFiles/feature_tests.cxx
Linking CXX static library libcmTC_e3828.a
/usr/bin/cmake -P CMakeFiles/cmTC_e3828.dir/cmake_clean_target.cmake
/usr/bin/cmake -E cmake_link_script CMakeFiles/cmTC_e3828.dir/link.txt --verbose=1
/usr/bin/ar qc libcmTC_e3828.a  CMakeFiles/cmTC_e3828.dir/feature_tests.cxx.o
/usr/bin/ranlib libcmTC_e3828.a
make[1]: Leaving directory '/home/chetan/Documents/Unikernel-Serverless/Kernels/pop_char_push_string/build/CMakeFiles/CMakeTmp'


    Feature record: CXX_FEATURE:1cxx_aggregate_default_initializers
    Feature record: CXX_FEATURE:1cxx_alias_templates
    Feature record: CXX_FEATURE:1cxx_alignas
    Feature record: CXX_FEATURE:1cxx_alignof
    Feature record: CXX_FEATURE:1cxx_attributes
    Feature record: CXX_FEATURE:1cxx_attribute_deprecated
    Feature record: CXX_FEATURE:1cxx_auto_type
    Feature record: CXX_FEATURE:1cxx_binary_literals
    Feature record: CXX_FEATURE:1cxx_constexpr
    Feature record: CXX_FEATURE:1cxx_contextual_conversions
    Feature record: CXX_FEATURE:1cxx_decltype
    Feature record: CXX_FEATURE:1cxx_decltype_auto
    Feature record: CXX_FEATURE:1cxx_decltype_incomplete_return_types
    Feature record: CXX_FEATURE:1cxx_default_function_template_args
    Feature record: CXX_FEATURE:1cxx_defaulted_functions
    Feature record: CXX_FEATURE:1cxx_defaulted_move_initializers
    Feature record: CXX_FEATURE:1cxx_delegating_constructors
    Feature record: CXX_FEATURE:1cxx_deleted_functions
    Feature record: CXX_FEATURE:1cxx_digit_separators
    Feature record: CXX_FEATURE:1cxx_enum_forward_declarations
    Feature record: CXX_FEATURE:1cxx_explicit_conversions
    Feature record: CXX_FEATURE:1cxx_extended_friend_declarations
    Feature record: CXX_FEATURE:1cxx_extern_templates
    Feature record: CXX_FEATURE:1cxx_final
    Feature record: CXX_FEATURE:1cxx_func_identifier
    Feature record: CXX_FEATURE:1cxx_generalized_initializers
    Feature record: CXX_FEATURE:1cxx_generic_lambdas
    Feature record: CXX_FEATURE:1cxx_inheriting_constructors
    Feature record: CXX_FEATURE:1cxx_inline_namespaces
    Feature record: CXX_FEATURE:1cxx_lambdas
    Feature record: CXX_FEATURE:1cxx_lambda_init_captures
    Feature record: CXX_FEATURE:1cxx_local_type_template_args
    Feature record: CXX_FEATURE:1cxx_long_long_type
    Feature record: CXX_FEATURE:1cxx_noexcept
    Feature record: CXX_FEATURE:1cxx_nonstatic_member_init
    Feature record: CXX_FEATURE:1cxx_nullptr
    Feature record: CXX_FEATURE:1cxx_override
    Feature record: CXX_FEATURE:1cxx_range_for
    Feature record: CXX_FEATURE:1cxx_raw_string_literals
    Feature record: CXX_FEATURE:1cxx_reference_qualified_functions
    Feature record: CXX_FEATURE:1cxx_relaxed_constexpr
    Feature record: CXX_FEATURE:1cxx_return_type_deduction
    Feature record: CXX_FEATURE:1cxx_right_angle_brackets
    Feature record: CXX_FEATURE:1cxx_rvalue_references
    Feature record: CXX_FEATURE:1cxx_sizeof_member
    Feature record: CXX_FEATURE:1cxx_static_assert
    Feature record: CXX_FEATURE:1cxx_strong_enums
    Feature record: CXX_FEATURE:1cxx_template_template_parameters
    Feature record: CXX_FEATURE:1cxx_thread_local
    Feature record: CXX_FEATURE:1cxx_trailing_return_types
    Feature record: CXX_FEATURE:1cxx_unicode_literals
    Feature record: CXX_FEATURE:1cxx_uniform_initialization
    Feature record: CXX_FEATURE:1cxx_unrestricted_unions
    Feature record: CXX_FEATURE:1cxx_user_literals
    Feature record: CXX_FEATURE:1cxx_variable_templates
    Feature record: CXX_FEATURE:1cxx_variadic_macros
    Feature record: CXX_FEATURE:1cxx_variadic_templates


Detecting CXX [-std=c++11] compiler features compiled with the following output:
Change Dir: /home/chetan/Documents/Unikernel-Serverless/Kernels/pop_char_push_string/build/CMakeFiles/CMakeTmp

Run Build Command:"/usr/bin/make" "cmTC_c83c6/fast"
/usr/bin/make -f CMakeFiles/cmTC_c83c6.dir/build.make CMakeFiles/cmTC_c83c6.dir/build
make[1]: Entering directory '/home/chetan/Documents/Unikernel-Serverless/Kernels/pop_char_push_string/build/CMakeFiles/CMakeTmp'
Building CXX object CMakeFiles/cmTC_c83c6.dir/feature_tests.cxx.o
/usr/bin/clang++-6.0    -msse3 -mfpmath=sse -O2 -g    -std=c++11 -o CMakeFiles/cmTC_c83c6.dir/feature_tests.cxx.o -c /home/chetan/Documents/Unikernel-Serverless/Kernels/pop_char_push_string/build/CMakeFiles/feature_tests.cxx
Linking CXX static library libcmTC_c83c6.a
/usr/bin/cmake -P CMakeFiles/cmTC_c83c6.dir/cmake_clean_target.cmake
/usr/bin/cmake -E cmake_link_script CMakeFiles/cmTC_c83c6.dir/link.txt --verbose=1
/usr/bin/ar qc libcmTC_c83c6.a  CMakeFiles/cmTC_c83c6.dir/feature_tests.cxx.o
/usr/bin/ranlib libcmTC_c83c6.a
make[1]: Leaving directory '/home/chetan/Documents/Unikernel-Serverless/Kernels/pop_char_push_string/build/CMakeFiles/CMakeTmp'


    Feature record: CXX_FEATURE:0cxx_aggregate_default_initializers
    Feature record: CXX_FEATURE:1cxx_alias_templates
    Feature record: CXX_FEATURE:1cxx_alignas
    Feature record: CXX_FEATURE:1cxx_alignof
    Feature record: CXX_FEATURE:1cxx_attributes
    Feature record: CXX_FEATURE:0cxx_attribute_deprecated
    Feature record: CXX_FEATURE:1cxx_auto_type
    Feature record: CXX_FEATURE:0cxx_binary_literals
    Feature record: CXX_FEATURE:1cxx_constexpr
    Feature record: CXX_FEATURE:0cxx_contextual_conversions
    Feature record: CXX_FEATURE:1cxx_decltype
    Feature record: CXX_FEATURE:0cxx_decltype_auto
    Feature record: CXX_FEATURE:1cxx_decltype_incomplete_return_types
    Feature record: CXX_FEATURE:1cxx_default_function_template_args
    Feature record: CXX_FEATURE:1cxx_defaulted_functions
    Feature record: CXX_FEATURE:1cxx_defaulted_move_initializers
    Feature record: CXX_FEATURE:1cxx_delegating_constructors
    Feature record: CXX_FEATURE:1cxx_deleted_functions
    Feature record: CXX_FEATURE:0cxx_digit_separators
    Feature record: CXX_FEATURE:1cxx_enum_forward_declarations
    Feature record: CXX_FEATURE:1cxx_explicit_conversions
    Feature record: CXX_FEATURE:1cxx_extended_friend_declarations
    Feature record: CXX_FEATURE:1cxx_extern_templates
    Feature record: CXX_FEATURE:1cxx_final
    Feature record: CXX_FEATURE:1cxx_func_identifier
    Feature record: CXX_FEATURE:1cxx_generalized_initializers
    Feature record: CXX_FEATURE:0cxx_generic_lambdas
    Feature record: CXX_FEATURE:1cxx_inheriting_constructors
    Feature record: CXX_FEATURE:1cxx_inline_namespaces
    Feature record: CXX_FEATURE:1cxx_lambdas
    Feature record: CXX_FEATURE:0cxx_lambda_init_captures
    Feature record: CXX_FEATURE:1cxx_local_type_template_args
    Feature record: CXX_FEATURE:1cxx_long_long_type
    Feature record: CXX_FEATURE:1cxx_noexcept
    Feature record: CXX_FEATURE:1cxx_nonstatic_member_init
    Feature record: CXX_FEATURE:1cxx_nullptr
    Feature record: CXX_FEATURE:1cxx_override
    Feature record: CXX_FEATURE:1cxx_range_for
    Feature record: CXX_FEATURE:1cxx_raw_string_literals
    Feature record: CXX_FEATURE:1cxx_reference_qualified_functions
    Feature record: CXX_FEATURE:0cxx_relaxed_constexpr
    Feature record: CXX_FEATURE:0cxx_return_type_deduction
    Feature record: CXX_FEATURE:1cxx_right_angle_brackets
    Feature record: CXX_FEATURE:1cxx_rvalue_references
    Feature record: CXX_FEATURE:1cxx_sizeof_member
    Feature record: CXX_FEATURE:1cxx_static_assert
    Feature record: CXX_FEATURE:1cxx_strong_enums
    Feature record: CXX_FEATURE:1cxx_template_template_parameters
    Feature record: CXX_FEATURE:1cxx_thread_local
    Feature record: CXX_FEATURE:1cxx_trailing_return_types
    Feature record: CXX_FEATURE:1cxx_unicode_literals
    Feature record: CXX_FEATURE:1cxx_uniform_initialization
    Feature record: CXX_FEATURE:1cxx_unrestricted_unions
    Feature record: CXX_FEATURE:1cxx_user_literals
    Feature record: CXX_FEATURE:0cxx_variable_templates
    Feature record: CXX_FEATURE:1cxx_variadic_macros
    Feature record: CXX_FEATURE:1cxx_variadic_templates


Detecting CXX [-std=c++98] compiler features compiled with the following output:
Change Dir: /home/chetan/Documents/Unikernel-Serverless/Kernels/pop_char_push_string/build/CMakeFiles/CMakeTmp

Run Build Command:"/usr/bin/make" "cmTC_32ae7/fast"
/usr/bin/make -f CMakeFiles/cmTC_32ae7.dir/build.make CMakeFiles/cmTC_32ae7.dir/build
make[1]: Entering directory '/home/chetan/Documents/Unikernel-Serverless/Kernels/pop_char_push_string/build/CMakeFiles/CMakeTmp'
Building CXX object CMakeFiles/cmTC_32ae7.dir/feature_tests.cxx.o
/usr/bin/clang++-6.0    -msse3 -mfpmath=sse -O2 -g    -std=c++98 -o CMakeFiles/cmTC_32ae7.dir/feature_tests.cxx.o -c /home/chetan/Documents/Unikernel-Serverless/Kernels/pop_char_push_string/build/CMakeFiles/feature_tests.cxx
Linking CXX static library libcmTC_32ae7.a
/usr/bin/cmake -P CMakeFiles/cmTC_32ae7.dir/cmake_clean_target.cmake
/usr/bin/cmake -E cmake_link_script CMakeFiles/cmTC_32ae7.dir/link.txt --verbose=1
/usr/bin/ar qc libcmTC_32ae7.a  CMakeFiles/cmTC_32ae7.dir/feature_tests.cxx.o
/usr/bin/ranlib libcmTC_32ae7.a
make[1]: Leaving directory '/home/chetan/Documents/Unikernel-Serverless/Kernels/pop_char_push_string/build/CMakeFiles/CMakeTmp'


    Feature record: CXX_FEATURE:0cxx_aggregate_default_initializers
    Feature record: CXX_FEATURE:0cxx_alias_templates
    Feature record: CXX_FEATURE:0cxx_alignas
    Feature record: CXX_FEATURE:0cxx_alignof
    Feature record: CXX_FEATURE:0cxx_attributes
    Feature record: CXX_FEATURE:0cxx_attribute_deprecated
    Feature record: CXX_FEATURE:0cxx_auto_type
    Feature record: CXX_FEATURE:0cxx_binary_literals
    Feature record: CXX_FEATURE:0cxx_constexpr
    Feature record: CXX_FEATURE:0cxx_contextual_conversions
    Feature record: CXX_FEATURE:0cxx_decltype
    Feature record: CXX_FEATURE:0cxx_decltype_auto
    Feature record: CXX_FEATURE:0cxx_decltype_incomplete_return_types
    Feature record: CXX_FEATURE:0cxx_default_function_template_args
    Feature record: CXX_FEATURE:0cxx_defaulted_functions
    Feature record: CXX_FEATURE:0cxx_defaulted_move_initializers
    Feature record: CXX_FEATURE:0cxx_delegating_constructors
    Feature record: CXX_FEATURE:0cxx_deleted_functions
    Feature record: CXX_FEATURE:0cxx_digit_separators
    Feature record: CXX_FEATURE:0cxx_enum_forward_declarations
    Feature record: CXX_FEATURE:0cxx_explicit_conversions
    Feature record: CXX_FEATURE:0cxx_extended_friend_declarations
    Feature record: CXX_FEATURE:0cxx_extern_templates
    Feature record: CXX_FEATURE:0cxx_final
    Feature record: CXX_FEATURE:0cxx_func_identifier
    Feature record: CXX_FEATURE:0cxx_generalized_initializers
    Feature record: CXX_FEATURE:0cxx_generic_lambdas
    Feature record: CXX_FEATURE:0cxx_inheriting_constructors
    Feature record: CXX_FEATURE:0cxx_inline_namespaces
    Feature record: CXX_FEATURE:0cxx_lambdas
    Feature record: CXX_FEATURE:0cxx_lambda_init_captures
    Feature record: CXX_FEATURE:0cxx_local_type_template_args
    Feature record: CXX_FEATURE:0cxx_long_long_type
    Feature record: CXX_FEATURE:0cxx_noexcept
    Feature record: CXX_FEATURE:0cxx_nonstatic_member_init
    Feature record: CXX_FEATURE:0cxx_nullptr
    Feature record: CXX_FEATURE:0cxx_override
    Feature record: CXX_FEATURE:0cxx_range_for
    Feature record: CXX_FEATURE:0cxx_raw_string_literals
    Feature record: CXX_FEATURE:0cxx_reference_qualified_functions
    Feature record: CXX_FEATURE:0cxx_relaxed_constexpr
    Feature record: CXX_FEATURE:0cxx_return_type_deduction
    Feature record: CXX_FEATURE:0cxx_right_angle_brackets
    Feature record: CXX_FEATURE:0cxx_rvalue_references
    Feature record: CXX_FEATURE:0cxx_sizeof_member
    Feature record: CXX_FEATURE:0cxx_static_assert
    Feature record: CXX_FEATURE:0cxx_strong_enums
    Feature record: CXX_FEATURE:1cxx_template_template_parameters
    Feature record: CXX_FEATURE:0cxx_thread_local
    Feature record: CXX_FEATURE:0cxx_trailing_return_types
    Feature record: CXX_FEATURE:0cxx_unicode_literals
    Feature record: CXX_FEATURE:0cxx_uniform_initialization
    Feature record: CXX_FEATURE:0cxx_unrestricted_unions
    Feature record: CXX_FEATURE:0cxx_user_literals
    Feature record: CXX_FEATURE:0cxx_variable_templates
    Feature record: CXX_FEATURE:0cxx_variadic_macros
    Feature record: CXX_FEATURE:0cxx_variadic_templates
Checking whether the ASM_NASM compiler is NASM using "-v" matched "(NASM version)":
NASM version 2.13.02
